<?xml version="1.0" encoding="UTF-8"?>
<!-- Generated by org.testng.reporters.JUnitReportReporter -->
<testsuite hostname="DESKTOP-0CCPETD" failures="0" tests="2" name="com.crm.reqing.CamapinsTest.CreateCampaignTest1" time="57.609" errors="0" timestamp="2022-07-08T14:15:01 IST" skipped="0">
  <testcase classname="com.crm.reqing.CamapinsTest.CreateCampaignTest1" name="createCampaignWithMandatoryFieldTest" time="29.766"/>
  <system-out/>
  <testcase classname="com.crm.reqing.CamapinsTest.CreateCampaignTest1" name="CreateCampaignWithProductTest" time="27.843"/>
  <system-out/>
</testsuite> <!-- com.crm.reqing.CamapinsTest.CreateCampaignTest1 -->
