<?xml version="1.0" encoding="UTF-8"?>
<!-- Generated by org.testng.reporters.JUnitReportReporter -->
<testsuite hostname="DESKTOP-0CCPETD" failures="0" tests="2" name="com.crm.reqing.OrganizationsTest.CreateOrganizationTest1" time="82.990" errors="0" timestamp="2022-07-08T14:15:01 IST" skipped="0">
  <testcase classname="com.crm.reqing.OrganizationsTest.CreateOrganizationTest1" name="CreateOrganizationWithMandatory" time="44.364"/>
  <system-out/>
  <testcase classname="com.crm.reqing.OrganizationsTest.CreateOrganizationTest1" name="CreateOrganizationWithMemberOfTest" time="38.626"/>
  <system-out/>
</testsuite> <!-- com.crm.reqing.OrganizationsTest.CreateOrganizationTest1 -->
