<?xml version="1.0" encoding="UTF-8"?>
<!-- Generated by org.testng.reporters.JUnitReportReporter -->
<testsuite hostname="DESKTOP-0CCPETD" failures="0" tests="1" name="com.crm.tyss.contactTest.CreateContactTest" time="21.797" errors="0" timestamp="2022-07-06T01:03:27 IST" skipped="0">
  <testcase classname="com.crm.tyss.contactTest.CreateContactTest" name="CreateContactWithMandatory" time="21.797"/>
  <system-out/>
</testsuite> <!-- com.crm.tyss.contactTest.CreateContactTest -->
